theme/manifest-merger-glass_free-release-report.txt
-- Merging decision tree log ---
manifest
ADDED from AndroidManifest.xml:18:1
	package
		ADDED from AndroidManifest.xml:19:5
		INJECTED from AndroidManifest.xml:0:0
		INJECTED from AndroidManifest.xml:0:0
	android:versionName
		INJECTED from AndroidManifest.xml:0:0
		INJECTED from AndroidManifest.xml:0:0
	xmlns:android
		ADDED from AndroidManifest.xml:18:11
	android:versionCode
		INJECTED from AndroidManifest.xml:0:0
		INJECTED from AndroidManifest.xml:0:0
uses-permission#com.android.vending.BILLING
ADDED from AndroidManifest.xml:21:5
	android:name
		ADDED from AndroidManifest.xml:21:22
uses-feature#org.cyanogenmod.theme
ADDED from AndroidManifest.xml:23:5
	android:required
		ADDED from AndroidManifest.xml:23:19
	android:name
		ADDED from AndroidManifest.xml:23:43
uses-sdk
ADDED from AndroidManifest.xml:25:5
MERGED from com.android.support:support-v4:22.0.0:20:5
MERGED from Material Glass.libraries:Donations:unspecified:7:5
MERGED from com.android.support:support-v4:22.0.0:20:5
	android:targetSdkVersion
		ADDED from AndroidManifest.xml:25:42
		INJECTED from AndroidManifest.xml:0:0
		INJECTED from AndroidManifest.xml:0:0
	android:minSdkVersion
		ADDED from AndroidManifest.xml:25:15
		INJECTED from AndroidManifest.xml:0:0
		INJECTED from AndroidManifest.xml:0:0
meta-data#org.cyanogenmod.theme.name
ADDED from AndroidManifest.xml:27:5
	android:value
		ADDED from AndroidManifest.xml:27:58
	android:name
		ADDED from AndroidManifest.xml:27:16
meta-data#org.cyanogenmod.theme.author
ADDED from AndroidManifest.xml:28:5
	android:value
		ADDED from AndroidManifest.xml:28:60
	android:name
		ADDED from AndroidManifest.xml:28:16
application
ADDED from AndroidManifest.xml:30:5
MERGED from com.android.support:support-v4:22.0.0:22:5
MERGED from Material Glass.libraries:Donations:unspecified:11:5
MERGED from com.android.support:support-v4:22.0.0:22:5
	android:label
		ADDED from AndroidManifest.xml:33:9
	android:allowBackup
		ADDED from AndroidManifest.xml:32:9
	android:icon
		ADDED from AndroidManifest.xml:31:9
	android:theme
		ADDED from AndroidManifest.xml:34:9
activity#com.pitchedapps.material.glass.DonationsActivity
ADDED from AndroidManifest.xml:35:9
	android:label
		ADDED from AndroidManifest.xml:37:13
	android:name
		ADDED from AndroidManifest.xml:36:13
intent-filter#android.intent.action.MAIN+android.intent.category.LAUNCHER
ADDED from AndroidManifest.xml:38:13
action#android.intent.action.MAIN
ADDED from AndroidManifest.xml:39:17
	android:name
		ADDED from AndroidManifest.xml:39:25
category#android.intent.category.LAUNCHER
ADDED from AndroidManifest.xml:40:17
	android:name
		ADDED from AndroidManifest.xml:40:27